<?xml version="1.0" encoding="UTF-8"?>
<testng-results ignored="0" total="2" passed="2" failed="0" skipped="0">
  <reporter-output>
  </reporter-output>
  <suite started-at="2023-09-09T15:06:53 IST" name="MakeMyTrip Test Suite" finished-at="2023-09-09T15:07:34 IST" duration-ms="41138">
    <groups>
    </groups>
    <test started-at="2023-09-09T15:06:53 IST" name="Logo Checking" finished-at="2023-09-09T15:07:00 IST" duration-ms="6915">
      <class name="Assignment.Question5A">
        <test-method is-config="true" signature="setup()[pri:0, instance:Assignment.Question5A@6574a52c]" started-at="2023-09-09T15:06:53 IST" name="setup" finished-at="2023-09-09T15:06:59 IST" duration-ms="6099" status="PASS">
          <reporter-output>
          </reporter-output>
        </test-method> <!-- setup -->
        <test-method signature="isLogoPresent()[pri:0, instance:Assignment.Question5A@6574a52c]" started-at="2023-09-09T15:06:59 IST" name="isLogoPresent" finished-at="2023-09-09T15:07:00 IST" duration-ms="478" status="PASS">
          <reporter-output>
          </reporter-output>
        </test-method> <!-- isLogoPresent -->
        <test-method is-config="true" signature="teardown()[pri:0, instance:Assignment.Question5A@6574a52c]" started-at="2023-09-09T15:07:00 IST" name="teardown" finished-at="2023-09-09T15:07:00 IST" duration-ms="251" status="PASS">
          <reporter-output>
          </reporter-output>
        </test-method> <!-- teardown -->
      </class> <!-- Assignment.Question5A -->
    </test> <!-- Logo Checking -->
    <test started-at="2023-09-09T15:07:00 IST" name="Searching One Way Flights" finished-at="2023-09-09T15:07:34 IST" duration-ms="34118">
      <class name="Assignment.Question5B">
        <test-method is-config="true" signature="setup()[pri:0, instance:Assignment.Question5B@6caf0677]" started-at="2023-09-09T15:07:00 IST" name="setup" finished-at="2023-09-09T15:07:07 IST" duration-ms="7438" status="PASS">
          <reporter-output>
          </reporter-output>
        </test-method> <!-- setup -->
        <test-method signature="search()[pri:0, instance:Assignment.Question5B@6caf0677]" started-at="2023-09-09T15:07:07 IST" name="search" finished-at="2023-09-09T15:07:34 IST" duration-ms="26234" status="PASS">
          <reporter-output>
          </reporter-output>
        </test-method> <!-- search -->
        <test-method is-config="true" signature="teardown()[pri:0, instance:Assignment.Question5B@6caf0677]" started-at="2023-09-09T15:07:34 IST" name="teardown" finished-at="2023-09-09T15:07:34 IST" duration-ms="442" status="PASS">
          <reporter-output>
          </reporter-output>
        </test-method> <!-- teardown -->
      </class> <!-- Assignment.Question5B -->
    </test> <!-- Searching One Way Flights -->
  </suite> <!-- MakeMyTrip Test Suite -->
</testng-results>
